{
  "RSpec": {
    "coverage": {
      "/Users/zade/Desktop/Projects/Makers/week1/BorisBike/spec/bike_spec.rb": [
        1,
        null,
        1,
        4,
        null,
        1,
        2,
        null,
        null,
        1,
        2,
        null,
        1,
        1,
        1,
        null,
        null,
        null
      ],
      "/Users/zade/Desktop/Projects/Makers/week1/BorisBike/lib/bike.rb": [
        1,
        1,
        null,
        1,
        3,
        null,
        null,
        1,
        1,
        null,
        null,
        1,
        1,
        null,
        null
      ],
      "/Users/zade/Desktop/Projects/Makers/week1/BorisBike/spec/docking_station_spec.rb": [
        1,
        null,
        1,
        9,
        null,
        3,
        11,
        11,
        null,
        1,
        10,
        10,
        10,
        null,
        null,
        1,
        1,
        1,
        1,
        null,
        null,
        1,
        2,
        null,
        null,
        1,
        1,
        2,
        null,
        null,
        null,
        1,
        1,
        1,
        null,
        null,
        1,
        1,
        null,
        null,
        1,
        21,
        2,
        null,
        null,
        null,
        1,
        1,
        1,
        null,
        null,
        1,
        1,
        null,
        null,
        1,
        51,
        2,
        null,
        null,
        null,
        1,
        1,
        1,
        1,
        null,
        null,
        null
      ],
      "/Users/zade/Desktop/Projects/Makers/week1/BorisBike/lib/docking_station.rb": [
        1,
        null,
        1,
        1,
        null,
        1,
        1,
        null,
        1,
        10,
        10,
        10,
        null,
        null,
        1,
        3,
        1,
        null,
        null,
        1,
        77,
        75,
        null,
        null,
        1,
        1,
        null,
        1,
        3,
        null,
        null,
        1,
        77,
        null,
        null,
        1,
        1,
        null,
        null
      ],
      "/Users/zade/Desktop/Projects/Makers/week1/BorisBike/spec/garage_spec.rb": [
        1,
        null,
        1,
        1,
        null,
        null
      ],
      "/Users/zade/Desktop/Projects/Makers/week1/BorisBike/lib/garage.rb": [
        1,
        null
      ],
      "/Users/zade/Desktop/Projects/Makers/week1/BorisBike/spec/van_spec.rb": [
        1,
        null,
        null,
        null,
        null,
        null,
        1,
        2,
        null,
        1,
        null,
        1,
        2,
        null,
        null
      ],
      "/Users/zade/Desktop/Projects/Makers/week1/BorisBike/lib/van.rb": [
        1,
        1,
        null,
        null
      ]
    },
    "timestamp": 1452537355
  }
}
